\BOOKMARK [0][]{chapter.1}{Introduction}{}% 1
\BOOKMARK [1][]{section.1.1}{Overview}{chapter.1}% 2
\BOOKMARK [1][]{section.1.2}{Objectives}{chapter.1}% 3
\BOOKMARK [0][]{chapter.2}{System Requirements}{}% 4
\BOOKMARK [1][]{section.2.1}{System Requirements}{chapter.2}% 5
\BOOKMARK [2][]{subsection.2.1.1}{Hardware Requirements}{section.2.1}% 6
\BOOKMARK [2][]{subsection.2.1.2}{Software Requirements}{section.2.1}% 7
\BOOKMARK [0][]{chapter.3}{Software Requirement Analysis}{}% 8
\BOOKMARK [1][]{section.3.1}{Software Requirement Analysis}{chapter.3}% 9
\BOOKMARK [2][]{subsection.3.1.1}{Functional Requiremets}{section.3.1}% 10
\BOOKMARK [2][]{subsection.3.1.2}{Non functional requirements}{section.3.1}% 11
\BOOKMARK [0][]{chapter.4}{Software Design}{}% 12
\BOOKMARK [1][]{section.4.1}{Product Perspective}{chapter.4}% 13
\BOOKMARK [1][]{section.4.2}{User Characteristics}{chapter.4}% 14
\BOOKMARK [1][]{section.4.3}{System Design}{chapter.4}% 15
\BOOKMARK [1][]{section.4.4}{Technologies Used}{chapter.4}% 16
\BOOKMARK [2][]{subsection.4.4.1}{C++}{section.4.4}% 17
\BOOKMARK [2][]{subsection.4.4.2}{Introduction To Qt}{section.4.4}% 18
\BOOKMARK [2][]{subsection.4.4.3}{Introduction to Github}{section.4.4}% 19
\BOOKMARK [2][]{subsection.4.4.4}{What is Git?}{section.4.4}% 20
\BOOKMARK [2][]{subsection.4.4.5}{Installation of Git}{section.4.4}% 21
\BOOKMARK [2][]{subsection.4.4.6}{Various Git Commands}{section.4.4}% 22
\BOOKMARK [2][]{section*.1}{Create Repositories}{section.4.4}% 23
\BOOKMARK [2][]{section*.2}{Make Changes}{section.4.4}% 24
